{
  "numTotalTestSuites": 29,
  "numPassedTestSuites": 29,
  "numFailedTestSuites": 0,
  "numPendingTestSuites": 0,
  "numTotalTests": 81,
  "numPassedTests": 81,
  "numFailedTests": 0,
  "numPendingTests": 0,
  "numTodoTests": 0,
  "snapshot": {
    "added": 0,
    "failure": false,
    "filesAdded": 0,
    "filesRemoved": 0,
    "filesRemovedList": [],
    "filesUnmatched": 0,
    "filesUpdated": 0,
    "matched": 0,
    "total": 0,
    "unchecked": 0,
    "uncheckedKeysByFile": [],
    "unmatched": 0,
    "updated": 0,
    "didUpdate": false
  },
  "startTime": 1777646139826,
  "success": true,
  "testResults": [
    {
      "assertionResults": [
        {
          "ancestorTitles": ["AppError hierarchy"],
          "fullName": "AppError hierarchy NotFoundError has correct code and status",
          "status": "passed",
          "title": "NotFoundError has correct code and status",
          "duration": 4.328399999999874,
          "failureMessages": [],
          "meta": {}
        },
        {
          "ancestorTitles": ["AppError hierarchy"],
          "fullName": "AppError hierarchy NotFoundError without id",
          "status": "passed",
          "title": "NotFoundError without id",
          "duration": 0.887000000000171,
          "failureMessages": [],
          "meta": {}
        },
        {
          "ancestorTitles": ["AppError hierarchy"],
          "fullName": "AppError hierarchy ValidationError stores issues",
          "status": "passed",
          "title": "ValidationError stores issues",
          "duration": 3.389499999999771,
          "failureMessages": [],
          "meta": {}
        },
        {
          "ancestorTitles": ["AppError hierarchy"],
          "fullName": "AppError hierarchy ConflictError",
          "status": "passed",
          "title": "ConflictError",
          "duration": 0.7217999999998028,
          "failureMessages": [],
          "meta": {}
        },
        {
          "ancestorTitles": ["AppError hierarchy"],
          "fullName": "AppError hierarchy UnauthorizedError defaults message",
          "status": "passed",
          "title": "UnauthorizedError defaults message",
          "duration": 0.7374999999997272,
          "failureMessages": [],
          "meta": {}
        },
        {
          "ancestorTitles": ["AppError hierarchy"],
          "fullName": "AppError hierarchy ForbiddenError",
          "status": "passed",
          "title": "ForbiddenError",
          "duration": 0.5416000000000167,
          "failureMessages": [],
          "meta": {}
        },
        {
          "ancestorTitles": ["AppError hierarchy"],
          "fullName": "AppError hierarchy BadRequestError",
          "status": "passed",
          "title": "BadRequestError",
          "duration": 0.8222999999998137,
          "failureMessages": [],
          "meta": {}
        },
        {
          "ancestorTitles": ["AppError hierarchy"],
          "fullName": "AppError hierarchy isAppError returns false for plain Error",
          "status": "passed",
          "title": "isAppError returns false for plain Error",
          "duration": 0.5190999999999804,
          "failureMessages": [],
          "meta": {}
        },
        {
          "ancestorTitles": ["AppError hierarchy"],
          "fullName": "AppError hierarchy toApiError maps AppError correctly",
          "status": "passed",
          "title": "toApiError maps AppError correctly",
          "duration": 0.6609000000003107,
          "failureMessages": [],
          "meta": {}
        },
        {
          "ancestorTitles": ["AppError hierarchy"],
          "fullName": "AppError hierarchy toApiError returns 500 for unknown error",
          "status": "passed",
          "title": "toApiError returns 500 for unknown error",
          "duration": 0.7240999999999076,
          "failureMessages": [],
          "meta": {}
        },
        {
          "ancestorTitles": ["AppError hierarchy"],
          "fullName": "AppError hierarchy toApiError handles non-Error",
          "status": "passed",
          "title": "toApiError handles non-Error",
          "duration": 0.5151999999998225,
          "failureMessages": [],
          "meta": {}
        }
      ],
      "startTime": 1777646142622,
      "endTime": 1777646142635.724,
      "status": "passed",
      "message": "",
      "name": "C:/Users/danie/OneDrive/Desktop/Tribus Repos/tribus-erp/apps/erp-api/tests/unit/errors/app-error.test.ts"
    },
    {
      "assertionResults": [
        {
          "ancestorTitles": ["createFinancialEntrySchema"],
          "fullName": "createFinancialEntrySchema accepts valid income entry",
          "status": "passed",
          "title": "accepts valid income entry",
          "duration": 16.182999999999993,
          "failureMessages": [],
          "meta": {}
        },
        {
          "ancestorTitles": ["createFinancialEntrySchema"],
          "fullName": "createFinancialEntrySchema rejects invalid date format",
          "status": "passed",
          "title": "rejects invalid date format",
          "duration": 2.899000000000342,
          "failureMessages": [],
          "meta": {}
        },
        {
          "ancestorTitles": ["createFinancialEntrySchema"],
          "fullName": "createFinancialEntrySchema rejects zero amount",
          "status": "passed",
          "title": "rejects zero amount",
          "duration": 1.1464000000000851,
          "failureMessages": [],
          "meta": {}
        },
        {
          "ancestorTitles": ["createFinancialEntrySchema"],
          "fullName": "createFinancialEntrySchema rejects invalid type",
          "status": "passed",
          "title": "rejects invalid type",
          "duration": 1.328899999999976,
          "failureMessages": [],
          "meta": {}
        },
        {
          "ancestorTitles": ["createPayableSchema"],
          "fullName": "createPayableSchema accepts valid payable",
          "status": "passed",
          "title": "accepts valid payable",
          "duration": 1.1358000000000175,
          "failureMessages": [],
          "meta": {}
        },
        {
          "ancestorTitles": ["createPayableSchema"],
          "fullName": "createPayableSchema rejects missing description",
          "status": "passed",
          "title": "rejects missing description",
          "duration": 0.8766000000000531,
          "failureMessages": [],
          "meta": {}
        },
        {
          "ancestorTitles": ["payPayableSchema"],
          "fullName": "payPayableSchema accepts valid payment",
          "status": "passed",
          "title": "accepts valid payment",
          "duration": 0.9356000000002496,
          "failureMessages": [],
          "meta": {}
        },
        {
          "ancestorTitles": ["createReceivableSchema"],
          "fullName": "createReceivableSchema accepts valid receivable",
          "status": "passed",
          "title": "accepts valid receivable",
          "duration": 0.7627999999999702,
          "failureMessages": [],
          "meta": {}
        }
      ],
      "startTime": 1777646142980,
      "endTime": 1777646143007.7627,
      "status": "passed",
      "message": "",
      "name": "C:/Users/danie/OneDrive/Desktop/Tribus Repos/tribus-erp/apps/erp-api/tests/unit/schemas/finance.schemas.test.ts"
    },
    {
      "assertionResults": [
        {
          "ancestorTitles": ["createProductSchema"],
          "fullName": "createProductSchema accepts valid product",
          "status": "passed",
          "title": "accepts valid product",
          "duration": 12.623800000000301,
          "failureMessages": [],
          "meta": {}
        },
        {
          "ancestorTitles": ["createProductSchema"],
          "fullName": "createProductSchema rejects missing sku",
          "status": "passed",
          "title": "rejects missing sku",
          "duration": 2.646900000000187,
          "failureMessages": [],
          "meta": {}
        },
        {
          "ancestorTitles": ["createProductSchema"],
          "fullName": "createProductSchema rejects empty sku",
          "status": "passed",
          "title": "rejects empty sku",
          "duration": 1.4484999999999673,
          "failureMessages": [],
          "meta": {}
        },
        {
          "ancestorTitles": ["createProductSchema"],
          "fullName": "createProductSchema rejects negative price",
          "status": "passed",
          "title": "rejects negative price",
          "duration": 1.2977000000000771,
          "failureMessages": [],
          "meta": {}
        },
        {
          "ancestorTitles": ["createProductSchema"],
          "fullName": "createProductSchema defaults productType to simple",
          "status": "passed",
          "title": "defaults productType to simple",
          "duration": 0.9832999999998719,
          "failureMessages": [],
          "meta": {}
        },
        {
          "ancestorTitles": ["createProductSchema"],
          "fullName": "createProductSchema defaults status to draft",
          "status": "passed",
          "title": "defaults status to draft",
          "duration": 1.0673999999999069,
          "failureMessages": [],
          "meta": {}
        },
        {
          "ancestorTitles": ["updateProductSchema"],
          "fullName": "updateProductSchema allows partial updates",
          "status": "passed",
          "title": "allows partial updates",
          "duration": 0.9227000000000771,
          "failureMessages": [],
          "meta": {}
        },
        {
          "ancestorTitles": ["updateProductSchema"],
          "fullName": "updateProductSchema accepts empty object",
          "status": "passed",
          "title": "accepts empty object",
          "duration": 1.1966999999999643,
          "failureMessages": [],
          "meta": {}
        },
        {
          "ancestorTitles": ["listProductsSchema"],
          "fullName": "listProductsSchema coerces string page to number",
          "status": "passed",
          "title": "coerces string page to number",
          "duration": 1.3283999999998741,
          "failureMessages": [],
          "meta": {}
        },
        {
          "ancestorTitles": ["listProductsSchema"],
          "fullName": "listProductsSchema defaults page to 1",
          "status": "passed",
          "title": "defaults page to 1",
          "duration": 0.6856999999999971,
          "failureMessages": [],
          "meta": {}
        },
        {
          "ancestorTitles": ["listProductsSchema"],
          "fullName": "listProductsSchema rejects page 0",
          "status": "passed",
          "title": "rejects page 0",
          "duration": 0.7618000000002212,
          "failureMessages": [],
          "meta": {}
        },
        {
          "ancestorTitles": ["listProductsSchema"],
          "fullName": "listProductsSchema rejects limit over 100",
          "status": "passed",
          "title": "rejects limit over 100",
          "duration": 0.7914999999998145,
          "failureMessages": [],
          "meta": {}
        },
        {
          "ancestorTitles": ["createVariantSchema"],
          "fullName": "createVariantSchema accepts valid variant",
          "status": "passed",
          "title": "accepts valid variant",
          "duration": 1.1364999999996144,
          "failureMessages": [],
          "meta": {}
        }
      ],
      "startTime": 1777646142979,
      "endTime": 1777646143008.1365,
      "status": "passed",
      "message": "",
      "name": "C:/Users/danie/OneDrive/Desktop/Tribus Repos/tribus-erp/apps/erp-api/tests/unit/schemas/product.schemas.test.ts"
    },
    {
      "assertionResults": [
        {
          "ancestorTitles": ["finance — payable status transitions"],
          "fullName": "finance — payable status transitions marks as paid when full amount is paid",
          "status": "passed",
          "title": "marks as paid when full amount is paid",
          "duration": 3.6021999999998116,
          "failureMessages": [],
          "meta": {}
        },
        {
          "ancestorTitles": ["finance — payable status transitions"],
          "fullName": "finance — payable status transitions marks as paid when cumulative payment reaches total",
          "status": "passed",
          "title": "marks as paid when cumulative payment reaches total",
          "duration": 0.7831999999998516,
          "failureMessages": [],
          "meta": {}
        },
        {
          "ancestorTitles": ["finance — payable status transitions"],
          "fullName": "finance — payable status transitions marks as partially_paid when payment is less than total",
          "status": "passed",
          "title": "marks as partially_paid when payment is less than total",
          "duration": 0.7572000000000116,
          "failureMessages": [],
          "meta": {}
        },
        {
          "ancestorTitles": ["finance — payable status transitions"],
          "fullName": "finance — payable status transitions marks as paid when overpayment occurs",
          "status": "passed",
          "title": "marks as paid when overpayment occurs",
          "duration": 0.5598999999997432,
          "failureMessages": [],
          "meta": {}
        },
        {
          "ancestorTitles": ["finance — receivable status transitions"],
          "fullName": "finance — receivable status transitions marks as received when full amount is received",
          "status": "passed",
          "title": "marks as received when full amount is received",
          "duration": 0.7002999999999702,
          "failureMessages": [],
          "meta": {}
        },
        {
          "ancestorTitles": ["finance — receivable status transitions"],
          "fullName": "finance — receivable status transitions marks as partially_received when partial amount received",
          "status": "passed",
          "title": "marks as partially_received when partial amount received",
          "duration": 0.3546999999998661,
          "failureMessages": [],
          "meta": {}
        },
        {
          "ancestorTitles": ["finance — receivable status transitions"],
          "fullName": "finance — receivable status transitions marks as received when cumulative reaches total",
          "status": "passed",
          "title": "marks as received when cumulative reaches total",
          "duration": 0.4158999999999651,
          "failureMessages": [],
          "meta": {}
        },
        {
          "ancestorTitles": ["finance — balance delta calculation"],
          "fullName": "finance — balance delta calculation income increases balance",
          "status": "passed",
          "title": "income increases balance",
          "duration": 0.4612999999999374,
          "failureMessages": [],
          "meta": {}
        },
        {
          "ancestorTitles": ["AppError types"],
          "fullName": "AppError types NotFoundError has correct code and status",
          "status": "passed",
          "title": "NotFoundError has correct code and status",
          "duration": 1.3893000000002758,
          "failureMessages": [],
          "meta": {}
        },
        {
          "ancestorTitles": ["AppError types"],
          "fullName": "AppError types BadRequestError has correct code and status",
          "status": "passed",
          "title": "BadRequestError has correct code and status",
          "duration": 0.8061999999999898,
          "failureMessages": [],
          "meta": {}
        }
      ],
      "startTime": 1777646142622,
      "endTime": 1777646142632.8062,
      "status": "passed",
      "message": "",
      "name": "C:/Users/danie/OneDrive/Desktop/Tribus Repos/tribus-erp/apps/erp-api/tests/unit/services/finance.service.test.ts"
    },
    {
      "assertionResults": [
        {
          "ancestorTitles": ["parseNfeXml"],
          "fullName": "parseNfeXml extracts access key",
          "status": "passed",
          "title": "extracts access key",
          "duration": 3.316899999999805,
          "failureMessages": [],
          "meta": {}
        },
        {
          "ancestorTitles": ["parseNfeXml"],
          "fullName": "parseNfeXml extracts emitter info",
          "status": "passed",
          "title": "extracts emitter info",
          "duration": 0.5181000000002314,
          "failureMessages": [],
          "meta": {}
        },
        {
          "ancestorTitles": ["parseNfeXml"],
          "fullName": "parseNfeXml extracts recipient info",
          "status": "passed",
          "title": "extracts recipient info",
          "duration": 0.2298000000000684,
          "failureMessages": [],
          "meta": {}
        },
        {
          "ancestorTitles": ["parseNfeXml"],
          "fullName": "parseNfeXml extracts issue date correctly",
          "status": "passed",
          "title": "extracts issue date correctly",
          "duration": 0.16969999999946594,
          "failureMessages": [],
          "meta": {}
        },
        {
          "ancestorTitles": ["parseNfeXml"],
          "fullName": "parseNfeXml extracts items",
          "status": "passed",
          "title": "extracts items",
          "duration": 1.7307000000000698,
          "failureMessages": [],
          "meta": {}
        },
        {
          "ancestorTitles": ["parseNfeXml"],
          "fullName": "parseNfeXml calculates total amount in cents",
          "status": "passed",
          "title": "calculates total amount in cents",
          "duration": 0.5519999999996799,
          "failureMessages": [],
          "meta": {}
        },
        {
          "ancestorTitles": ["parseNfeXml"],
          "fullName": "parseNfeXml extracts series and number",
          "status": "passed",
          "title": "extracts series and number",
          "duration": 0.70929999999953,
          "failureMessages": [],
          "meta": {}
        }
      ],
      "startTime": 1777646146228,
      "endTime": 1777646146235.7092,
      "status": "passed",
      "message": "",
      "name": "C:/Users/danie/OneDrive/Desktop/Tribus Repos/tribus-erp/apps/erp-api/tests/unit/services/fiscal.service.test.ts"
    },
    {
      "assertionResults": [
        {
          "ancestorTitles": ["inventory — movement direction"],
          "fullName": "inventory — movement direction sale is outward",
          "status": "passed",
          "title": "sale is outward",
          "duration": 2.401299999999992,
          "failureMessages": [],
          "meta": {}
        },
        {
          "ancestorTitles": ["inventory — movement direction"],
          "fullName": "inventory — movement direction production_out is outward",
          "status": "passed",
          "title": "production_out is outward",
          "duration": 0.3518999999996595,
          "failureMessages": [],
          "meta": {}
        },
        {
          "ancestorTitles": ["inventory — movement direction"],
          "fullName": "inventory — movement direction damaged is outward",
          "status": "passed",
          "title": "damaged is outward",
          "duration": 0.1594000000000051,
          "failureMessages": [],
          "meta": {}
        },
        {
          "ancestorTitles": ["inventory — movement direction"],
          "fullName": "inventory — movement direction reservation is outward",
          "status": "passed",
          "title": "reservation is outward",
          "duration": 0.18229999999994106,
          "failureMessages": [],
          "meta": {}
        },
        {
          "ancestorTitles": ["inventory — movement direction"],
          "fullName": "inventory — movement direction purchase is inward",
          "status": "passed",
          "title": "purchase is inward",
          "duration": 0.13810000000012224,
          "failureMessages": [],
          "meta": {}
        },
        {
          "ancestorTitles": ["inventory — movement direction"],
          "fullName": "inventory — movement direction production_in is inward",
          "status": "passed",
          "title": "production_in is inward",
          "duration": 0.119499999999789,
          "failureMessages": [],
          "meta": {}
        },
        {
          "ancestorTitles": ["inventory — movement direction"],
          "fullName": "inventory — movement direction return is inward",
          "status": "passed",
          "title": "return is inward",
          "duration": 0.18149999999968713,
          "failureMessages": [],
          "meta": {}
        },
        {
          "ancestorTitles": ["inventory — movement direction"],
          "fullName": "inventory — movement direction transfer_in is inward",
          "status": "passed",
          "title": "transfer_in is inward",
          "duration": 0.12079999999969004,
          "failureMessages": [],
          "meta": {}
        },
        {
          "ancestorTitles": ["inventory — movement direction"],
          "fullName": "inventory — movement direction release_reservation is inward",
          "status": "passed",
          "title": "release_reservation is inward",
          "duration": 0.14289999999982683,
          "failureMessages": [],
          "meta": {}
        },
        {
          "ancestorTitles": ["inventory — movement direction"],
          "fullName": "inventory — movement direction adjustment is inward",
          "status": "passed",
          "title": "adjustment is inward",
          "duration": 0.12270000000034997,
          "failureMessages": [],
          "meta": {}
        },
        {
          "ancestorTitles": ["inventory — delta calculation"],
          "fullName": "inventory — delta calculation sale of 5 units reduces stock by 5",
          "status": "passed",
          "title": "sale of 5 units reduces stock by 5",
          "duration": 0.6196999999997388,
          "failureMessages": [],
          "meta": {}
        },
        {
          "ancestorTitles": ["inventory — delta calculation"],
          "fullName": "inventory — delta calculation purchase of 10 units increases stock by 10",
          "status": "passed",
          "title": "purchase of 10 units increases stock by 10",
          "duration": 0.3682999999996355,
          "failureMessages": [],
          "meta": {}
        },
        {
          "ancestorTitles": ["inventory — delta calculation"],
          "fullName": "inventory — delta calculation transfer_out of 3 reduces by 3",
          "status": "passed",
          "title": "transfer_out of 3 reduces by 3",
          "duration": 0.4229000000000269,
          "failureMessages": [],
          "meta": {}
        },
        {
          "ancestorTitles": ["inventory — delta calculation"],
          "fullName": "inventory — delta calculation transfer_in of 3 increases by 3",
          "status": "passed",
          "title": "transfer_in of 3 increases by 3",
          "duration": 0.34180000000014843,
          "failureMessages": [],
          "meta": {}
        },
        {
          "ancestorTitles": ["inventory — stock validation"],
          "fullName": "inventory — stock validation detects going below zero on outward movement",
          "status": "passed",
          "title": "detects going below zero on outward movement",
          "duration": 0.46070000000008804,
          "failureMessages": [],
          "meta": {}
        },
        {
          "ancestorTitles": ["inventory — stock validation"],
          "fullName": "inventory — stock validation allows movement that leaves stock at zero",
          "status": "passed",
          "title": "allows movement that leaves stock at zero",
          "duration": 0.18859999999995125,
          "failureMessages": [],
          "meta": {}
        },
        {
          "ancestorTitles": ["inventory — stock validation"],
          "fullName": "inventory — stock validation allows inward movement always",
          "status": "passed",
          "title": "allows inward movement always",
          "duration": 0.275300000000243,
          "failureMessages": [],
          "meta": {}
        },
        {
          "ancestorTitles": ["inventory — stock validation"],
          "fullName": "inventory — stock validation rejects selling more than available",
          "status": "passed",
          "title": "rejects selling more than available",
          "duration": 0.2561000000000604,
          "failureMessages": [],
          "meta": {}
        }
      ],
      "startTime": 1777646142517,
      "endTime": 1777646142524.2754,
      "status": "passed",
      "message": "",
      "name": "C:/Users/danie/OneDrive/Desktop/Tribus Repos/tribus-erp/apps/erp-api/tests/unit/services/inventory.service.test.ts"
    },
    {
      "assertionResults": [
        {
          "ancestorTitles": ["order — total calculation"],
          "fullName": "order — total calculation calculates subtotal from single item",
          "status": "passed",
          "title": "calculates subtotal from single item",
          "duration": 3.4930999999996857,
          "failureMessages": [],
          "meta": {}
        },
        {
          "ancestorTitles": ["order — total calculation"],
          "fullName": "order — total calculation applies item-level discount",
          "status": "passed",
          "title": "applies item-level discount",
          "duration": 0.4416000000001077,
          "failureMessages": [],
          "meta": {}
        },
        {
          "ancestorTitles": ["order — total calculation"],
          "fullName": "order — total calculation applies order-level discount on top of item total",
          "status": "passed",
          "title": "applies order-level discount on top of item total",
          "duration": 0.4209000000000742,
          "failureMessages": [],
          "meta": {}
        },
        {
          "ancestorTitles": ["order — total calculation"],
          "fullName": "order — total calculation adds shipping to total",
          "status": "passed",
          "title": "adds shipping to total",
          "duration": 0.5087000000003172,
          "failureMessages": [],
          "meta": {}
        },
        {
          "ancestorTitles": ["order — total calculation"],
          "fullName": "order — total calculation handles multiple items",
          "status": "passed",
          "title": "handles multiple items",
          "duration": 0.9268000000001848,
          "failureMessages": [],
          "meta": {}
        },
        {
          "ancestorTitles": ["order — total calculation"],
          "fullName": "order — total calculation always sets taxTotalCents to 0",
          "status": "passed",
          "title": "always sets taxTotalCents to 0",
          "duration": 1.2669000000000779,
          "failureMessages": [],
          "meta": {}
        },
        {
          "ancestorTitles": ["order — order number generation"],
          "fullName": "order — order number generation generates first order number",
          "status": "passed",
          "title": "generates first order number",
          "duration": 0.9196999999999207,
          "failureMessages": [],
          "meta": {}
        },
        {
          "ancestorTitles": ["order — order number generation"],
          "fullName": "order — order number generation pads with zeros",
          "status": "passed",
          "title": "pads with zeros",
          "duration": 0.45380000000022847,
          "failureMessages": [],
          "meta": {}
        },
        {
          "ancestorTitles": ["order — order number generation"],
          "fullName": "order — order number generation handles large counts",
          "status": "passed",
          "title": "handles large counts",
          "duration": 0.3831000000000131,
          "failureMessages": [],
          "meta": {}
        },
        {
          "ancestorTitles": ["order — payment sufficiency"],
          "fullName": "order — payment sufficiency detects insufficient payment",
          "status": "passed",
          "title": "detects insufficient payment",
          "duration": 0.2856000000001586,
          "failureMessages": [],
          "meta": {}
        },
        {
          "ancestorTitles": ["order — payment sufficiency"],
          "fullName": "order — payment sufficiency accepts exact payment",
          "status": "passed",
          "title": "accepts exact payment",
          "duration": 0.37439999999969586,
          "failureMessages": [],
          "meta": {}
        },
        {
          "ancestorTitles": ["order — payment sufficiency"],
          "fullName": "order — payment sufficiency accepts overpayment (change)",
          "status": "passed",
          "title": "accepts overpayment (change)",
          "duration": 0.26499999999987267,
          "failureMessages": [],
          "meta": {}
        }
      ],
      "startTime": 1777646142521,
      "endTime": 1777646142532.265,
      "status": "passed",
      "message": "",
      "name": "C:/Users/danie/OneDrive/Desktop/Tribus Repos/tribus-erp/apps/erp-api/tests/unit/services/order.service.test.ts"
    },
    {
      "assertionResults": [
        {
          "ancestorTitles": ["generateId"],
          "fullName": "generateId generates a 32-char hex string",
          "status": "passed",
          "title": "generates a 32-char hex string",
          "duration": 6.963500000000295,
          "failureMessages": [],
          "meta": {}
        },
        {
          "ancestorTitles": ["generateId"],
          "fullName": "generateId generates unique IDs",
          "status": "passed",
          "title": "generates unique IDs",
          "duration": 2.7489000000000487,
          "failureMessages": [],
          "meta": {}
        }
      ],
      "startTime": 1777646142613,
      "endTime": 1777646142622.7488,
      "status": "passed",
      "message": "",
      "name": "C:/Users/danie/OneDrive/Desktop/Tribus Repos/tribus-erp/apps/erp-api/tests/unit/utils/id.test.ts"
    }
  ],
  "coverageMap": {
    "C:\\Users\\danie\\OneDrive\\Desktop\\Tribus Repos\\tribus-erp\\apps\\erp-api\\src\\errors\\app-error.ts": {
      "path": "C:\\Users\\danie\\OneDrive\\Desktop\\Tribus Repos\\tribus-erp\\apps\\erp-api\\src\\errors\\app-error.ts",
      "all": false,
      "statementMap": {
        "3": { "start": { "line": 4, "column": 0 }, "end": { "line": 4, "column": 46 } },
        "7": { "start": { "line": 8, "column": 0 }, "end": { "line": 8, "column": 32 } },
        "8": { "start": { "line": 9, "column": 0 }, "end": { "line": 9, "column": 19 } },
        "9": { "start": { "line": 10, "column": 0 }, "end": { "line": 10, "column": 38 } },
        "10": { "start": { "line": 11, "column": 0 }, "end": { "line": 11, "column": 3 } },
        "11": { "start": { "line": 12, "column": 0 }, "end": { "line": 12, "column": 1 } },
        "13": { "start": { "line": 14, "column": 0 }, "end": { "line": 14, "column": 45 } },
        "14": { "start": { "line": 15, "column": 0 }, "end": { "line": 15, "column": 30 } },
        "15": { "start": { "line": 16, "column": 0 }, "end": { "line": 16, "column": 28 } },
        "17": { "start": { "line": 18, "column": 0 }, "end": { "line": 18, "column": 46 } },
        "18": { "start": { "line": 19, "column": 0 }, "end": { "line": 19, "column": 74 } },
        "19": { "start": { "line": 20, "column": 0 }, "end": { "line": 20, "column": 3 } },
        "20": { "start": { "line": 21, "column": 0 }, "end": { "line": 21, "column": 1 } },
        "22": { "start": { "line": 23, "column": 0 }, "end": { "line": 23, "column": 47 } },
        "23": { "start": { "line": 24, "column": 0 }, "end": { "line": 24, "column": 37 } },
        "24": { "start": { "line": 25, "column": 0 }, "end": { "line": 25, "column": 28 } },
        "25": { "start": { "line": 26, "column": 0 }, "end": { "line": 26, "column": 30 } },
        "27": { "start": { "line": 28, "column": 0 }, "end": { "line": 28, "column": 57 } },
        "28": { "start": { "line": 29, "column": 0 }, "end": { "line": 29, "column": 19 } },
        "29": { "start": { "line": 30, "column": 0 }, "end": { "line": 30, "column": 25 } },
        "30": { "start": { "line": 31, "column": 0 }, "end": { "line": 31, "column": 3 } },
        "31": { "start": { "line": 32, "column": 0 }, "end": { "line": 32, "column": 1 } },
        "33": { "start": { "line": 34, "column": 0 }, "end": { "line": 34, "column": 45 } },
        "34": { "start": { "line": 35, "column": 0 }, "end": { "line": 35, "column": 29 } },
        "35": { "start": { "line": 36, "column": 0 }, "end": { "line": 36, "column": 28 } },
        "37": { "start": { "line": 38, "column": 0 }, "end": { "line": 38, "column": 32 } },
        "38": { "start": { "line": 39, "column": 0 }, "end": { "line": 39, "column": 19 } },
        "39": { "start": { "line": 40, "column": 0 }, "end": { "line": 40, "column": 3 } },
        "40": { "start": { "line": 41, "column": 0 }, "end": { "line": 41, "column": 1 } },
        "42": { "start": { "line": 43, "column": 0 }, "end": { "line": 43, "column": 49 } },
        "43": { "start": { "line": 44, "column": 0 }, "end": { "line": 44, "column": 33 } },
        "44": { "start": { "line": 45, "column": 0 }, "end": { "line": 45, "column": 28 } },
        "46": { "start": { "line": 47, "column": 0 }, "end": { "line": 47, "column": 41 } },
        "47": { "start": { "line": 48, "column": 0 }, "end": { "line": 48, "column": 19 } },
        "48": { "start": { "line": 49, "column": 0 }, "end": { "line": 49, "column": 3 } },
        "49": { "start": { "line": 50, "column": 0 }, "end": { "line": 50, "column": 1 } },
        "51": { "start": { "line": 52, "column": 0 }, "end": { "line": 52, "column": 46 } },
        "52": { "start": { "line": 53, "column": 0 }, "end": { "line": 53, "column": 30 } },
        "53": { "start": { "line": 54, "column": 0 }, "end": { "line": 54, "column": 28 } },
        "55": { "start": { "line": 56, "column": 0 }, "end": { "line": 56, "column": 38 } },
        "56": { "start": { "line": 57, "column": 0 }, "end": { "line": 57, "column": 19 } },
        "57": { "start": { "line": 58, "column": 0 }, "end": { "line": 58, "column": 3 } },
        "58": { "start": { "line": 59, "column": 0 }, "end": { "line": 59, "column": 1 } },
        "60": { "start": { "line": 61, "column": 0 }, "end": { "line": 61, "column": 47 } },
        "61": { "start": { "line": 62, "column": 0 }, "end": { "line": 62, "column": 32 } },
        "62": { "start": { "line": 63, "column": 0 }, "end": { "line": 63, "column": 28 } },
        "64": { "start": { "line": 65, "column": 0 }, "end": { "line": 65, "column": 32 } },
        "65": { "start": { "line": 66, "column": 0 }, "end": { "line": 66, "column": 19 } },
        "66": { "start": { "line": 67, "column": 0 }, "end": { "line": 67, "column": 3 } },
        "67": { "start": { "line": 68, "column": 0 }, "end": { "line": 68, "column": 1 } },
        "69": { "start": { "line": 70, "column": 0 }, "end": { "line": 70, "column": 63 } },
        "70": { "start": { "line": 71, "column": 0 }, "end": { "line": 71, "column": 35 } },
        "71": { "start": { "line": 72, "column": 0 }, "end": { "line": 72, "column": 1 } },
        "73": { "start": { "line": 74, "column": 0 }, "end": { "line": 74, "column": 45 } },
        "77": { "start": { "line": 78, "column": 0 }, "end": { "line": 78, "column": 3 } },
        "78": { "start": { "line": 79, "column": 0 }, "end": { "line": 79, "column": 26 } },
        "79": { "start": { "line": 80, "column": 0 }, "end": { "line": 80, "column": 12 } },
        "80": { "start": { "line": 81, "column": 0 }, "end": { "line": 81, "column": 29 } },
        "81": { "start": { "line": 82, "column": 0 }, "end": { "line": 82, "column": 23 } },
        "82": { "start": { "line": 83, "column": 0 }, "end": { "line": 83, "column": 55 } },
        "83": { "start": { "line": 84, "column": 0 }, "end": { "line": 84, "column": 6 } },
        "84": { "start": { "line": 85, "column": 0 }, "end": { "line": 85, "column": 3 } },
        "85": { "start": { "line": 86, "column": 0 }, "end": { "line": 86, "column": 31 } },
        "86": { "start": { "line": 87, "column": 0 }, "end": { "line": 87, "column": 85 } },
        "87": { "start": { "line": 88, "column": 0 }, "end": { "line": 88, "column": 3 } },
        "88": { "start": { "line": 89, "column": 0 }, "end": { "line": 89, "column": 83 } },
        "89": { "start": { "line": 90, "column": 0 }, "end": { "line": 90, "column": 1 } }
      },
      "s": {
        "3": 1,
        "7": 1,
        "8": 10,
        "9": 10,
        "10": 10,
        "11": 1,
        "13": 1,
        "14": 4,
        "15": 4,
        "17": 4,
        "18": 4,
        "19": 4,
        "20": 4,
        "22": 1,
        "23": 1,
        "24": 1,
        "25": 1,
        "27": 1,
        "28": 1,
        "29": 1,
        "30": 1,
        "31": 1,
        "33": 1,
        "34": 1,
        "35": 1,
        "37": 1,
        "38": 1,
        "39": 1,
        "40": 1,
        "42": 1,
        "43": 1,
        "44": 1,
        "46": 1,
        "47": 1,
        "48": 1,
        "49": 1,
        "51": 1,
        "52": 1,
        "53": 1,
        "55": 1,
        "56": 1,
        "57": 1,
        "58": 1,
        "60": 1,
        "61": 2,
        "62": 2,
        "64": 2,
        "65": 2,
        "66": 2,
        "67": 2,
        "69": 1,
        "70": 5,
        "71": 5,
        "73": 1,
        "77": 3,
        "78": 3,
        "79": 1,
        "80": 1,
        "81": 1,
        "82": 1,
        "83": 1,
        "84": 1,
        "85": 3,
        "86": 1,
        "87": 1,
        "88": 1,
        "89": 1
      },
      "branchMap": {
        "0": {
          "type": "branch",
          "line": 8,
          "loc": { "start": { "line": 8, "column": 2 }, "end": { "line": 11, "column": 3 } },
          "locations": [{ "start": { "line": 8, "column": 2 }, "end": { "line": 11, "column": 3 } }]
        },
        "1": {
          "type": "branch",
          "line": 14,
          "loc": { "start": { "line": 14, "column": 44 }, "end": { "line": 21, "column": 1 } },
          "locations": [
            { "start": { "line": 14, "column": 44 }, "end": { "line": 21, "column": 1 } }
          ]
        },
        "2": {
          "type": "branch",
          "line": 18,
          "loc": { "start": { "line": 18, "column": 2 }, "end": { "line": 20, "column": 3 } },
          "locations": [
            { "start": { "line": 18, "column": 2 }, "end": { "line": 20, "column": 3 } }
          ]
        },
        "3": {
          "type": "branch",
          "line": 19,
          "loc": { "start": { "line": 19, "column": 10 }, "end": { "line": 19, "column": 49 } },
          "locations": [
            { "start": { "line": 19, "column": 10 }, "end": { "line": 19, "column": 49 } }
          ]
        },
        "4": {
          "type": "branch",
          "line": 19,
          "loc": { "start": { "line": 19, "column": 33 }, "end": { "line": 19, "column": 72 } },
          "locations": [
            { "start": { "line": 19, "column": 33 }, "end": { "line": 19, "column": 72 } }
          ]
        },
        "5": {
          "type": "branch",
          "line": 23,
          "loc": { "start": { "line": 23, "column": 46 }, "end": { "line": 32, "column": 1 } },
          "locations": [
            { "start": { "line": 23, "column": 46 }, "end": { "line": 32, "column": 1 } }
          ]
        },
        "6": {
          "type": "branch",
          "line": 28,
          "loc": { "start": { "line": 28, "column": 2 }, "end": { "line": 31, "column": 3 } },
          "locations": [
            { "start": { "line": 28, "column": 2 }, "end": { "line": 31, "column": 3 } }
          ]
        },
        "7": {
          "type": "branch",
          "line": 34,
          "loc": { "start": { "line": 34, "column": 44 }, "end": { "line": 41, "column": 1 } },
          "locations": [
            { "start": { "line": 34, "column": 44 }, "end": { "line": 41, "column": 1 } }
          ]
        },
        "8": {
          "type": "branch",
          "line": 38,
          "loc": { "start": { "line": 38, "column": 2 }, "end": { "line": 40, "column": 3 } },
          "locations": [
            { "start": { "line": 38, "column": 2 }, "end": { "line": 40, "column": 3 } }
          ]
        },
        "9": {
          "type": "branch",
          "line": 43,
          "loc": { "start": { "line": 43, "column": 48 }, "end": { "line": 50, "column": 1 } },
          "locations": [
            { "start": { "line": 43, "column": 48 }, "end": { "line": 50, "column": 1 } }
          ]
        },
        "10": {
          "type": "branch",
          "line": 47,
          "loc": { "start": { "line": 47, "column": 2 }, "end": { "line": 49, "column": 3 } },
          "locations": [
            { "start": { "line": 47, "column": 2 }, "end": { "line": 49, "column": 3 } }
          ]
        },
        "11": {
          "type": "branch",
          "line": 52,
          "loc": { "start": { "line": 52, "column": 45 }, "end": { "line": 59, "column": 1 } },
          "locations": [
            { "start": { "line": 52, "column": 45 }, "end": { "line": 59, "column": 1 } }
          ]
        },
        "12": {
          "type": "branch",
          "line": 56,
          "loc": { "start": { "line": 56, "column": 2 }, "end": { "line": 58, "column": 3 } },
          "locations": [
            { "start": { "line": 56, "column": 2 }, "end": { "line": 58, "column": 3 } }
          ]
        },
        "13": {
          "type": "branch",
          "line": 61,
          "loc": { "start": { "line": 61, "column": 46 }, "end": { "line": 68, "column": 1 } },
          "locations": [
            { "start": { "line": 61, "column": 46 }, "end": { "line": 68, "column": 1 } }
          ]
        },
        "14": {
          "type": "branch",
          "line": 65,
          "loc": { "start": { "line": 65, "column": 2 }, "end": { "line": 67, "column": 3 } },
          "locations": [
            { "start": { "line": 65, "column": 2 }, "end": { "line": 67, "column": 3 } }
          ]
        },
        "15": {
          "type": "branch",
          "line": 70,
          "loc": { "start": { "line": 70, "column": 7 }, "end": { "line": 72, "column": 1 } },
          "locations": [
            { "start": { "line": 70, "column": 7 }, "end": { "line": 72, "column": 1 } }
          ]
        },
        "16": {
          "type": "branch",
          "line": 74,
          "loc": { "start": { "line": 74, "column": 7 }, "end": { "line": 90, "column": 1 } },
          "locations": [
            { "start": { "line": 74, "column": 7 }, "end": { "line": 90, "column": 1 } }
          ]
        },
        "17": {
          "type": "branch",
          "line": 79,
          "loc": { "start": { "line": 79, "column": 25 }, "end": { "line": 85, "column": 3 } },
          "locations": [
            { "start": { "line": 79, "column": 25 }, "end": { "line": 85, "column": 3 } }
          ]
        },
        "18": {
          "type": "branch",
          "line": 85,
          "loc": { "start": { "line": 85, "column": 2 }, "end": { "line": 86, "column": 30 } },
          "locations": [
            { "start": { "line": 85, "column": 2 }, "end": { "line": 86, "column": 30 } }
          ]
        },
        "19": {
          "type": "branch",
          "line": 86,
          "loc": { "start": { "line": 86, "column": 30 }, "end": { "line": 90, "column": 1 } },
          "locations": [
            { "start": { "line": 86, "column": 30 }, "end": { "line": 90, "column": 1 } }
          ]
        }
      },
      "b": {
        "0": [10],
        "1": [4],
        "2": [4],
        "3": [3],
        "4": [1],
        "5": [1],
        "6": [1],
        "7": [1],
        "8": [1],
        "9": [1],
        "10": [1],
        "11": [1],
        "12": [1],
        "13": [2],
        "14": [2],
        "15": [5],
        "16": [3],
        "17": [1],
        "18": [2],
        "19": [1]
      },
      "fnMap": {
        "0": {
          "name": "AppError",
          "decl": { "start": { "line": 8, "column": 2 }, "end": { "line": 11, "column": 3 } },
          "loc": { "start": { "line": 8, "column": 2 }, "end": { "line": 11, "column": 3 } },
          "line": 8
        },
        "1": {
          "name": "<instance_members_initializer>",
          "decl": { "start": { "line": 14, "column": 44 }, "end": { "line": 21, "column": 1 } },
          "loc": { "start": { "line": 14, "column": 44 }, "end": { "line": 21, "column": 1 } },
          "line": 14
        },
        "2": {
          "name": "NotFoundError",
          "decl": { "start": { "line": 18, "column": 2 }, "end": { "line": 20, "column": 3 } },
          "loc": { "start": { "line": 18, "column": 2 }, "end": { "line": 20, "column": 3 } },
          "line": 18
        },
        "3": {
          "name": "<instance_members_initializer>",
          "decl": { "start": { "line": 23, "column": 46 }, "end": { "line": 32, "column": 1 } },
          "loc": { "start": { "line": 23, "column": 46 }, "end": { "line": 32, "column": 1 } },
          "line": 23
        },
        "4": {
          "name": "ValidationError",
          "decl": { "start": { "line": 28, "column": 2 }, "end": { "line": 31, "column": 3 } },
          "loc": { "start": { "line": 28, "column": 2 }, "end": { "line": 31, "column": 3 } },
          "line": 28
        },
        "5": {
          "name": "<instance_members_initializer>",
          "decl": { "start": { "line": 34, "column": 44 }, "end": { "line": 41, "column": 1 } },
          "loc": { "start": { "line": 34, "column": 44 }, "end": { "line": 41, "column": 1 } },
          "line": 34
        },
        "6": {
          "name": "ConflictError",
          "decl": { "start": { "line": 38, "column": 2 }, "end": { "line": 40, "column": 3 } },
          "loc": { "start": { "line": 38, "column": 2 }, "end": { "line": 40, "column": 3 } },
          "line": 38
        },
        "7": {
          "name": "<instance_members_initializer>",
          "decl": { "start": { "line": 43, "column": 48 }, "end": { "line": 50, "column": 1 } },
          "loc": { "start": { "line": 43, "column": 48 }, "end": { "line": 50, "column": 1 } },
          "line": 43
        },
        "8": {
          "name": "UnauthorizedError",
          "decl": { "start": { "line": 47, "column": 2 }, "end": { "line": 49, "column": 3 } },
          "loc": { "start": { "line": 47, "column": 2 }, "end": { "line": 49, "column": 3 } },
          "line": 47
        },
        "9": {
          "name": "<instance_members_initializer>",
          "decl": { "start": { "line": 52, "column": 45 }, "end": { "line": 59, "column": 1 } },
          "loc": { "start": { "line": 52, "column": 45 }, "end": { "line": 59, "column": 1 } },
          "line": 52
        },
        "10": {
          "name": "ForbiddenError",
          "decl": { "start": { "line": 56, "column": 2 }, "end": { "line": 58, "column": 3 } },
          "loc": { "start": { "line": 56, "column": 2 }, "end": { "line": 58, "column": 3 } },
          "line": 56
        },
        "11": {
          "name": "<instance_members_initializer>",
          "decl": { "start": { "line": 61, "column": 46 }, "end": { "line": 68, "column": 1 } },
          "loc": { "start": { "line": 61, "column": 46 }, "end": { "line": 68, "column": 1 } },
          "line": 61
        },
        "12": {
          "name": "BadRequestError",
          "decl": { "start": { "line": 65, "column": 2 }, "end": { "line": 67, "column": 3 } },
          "loc": { "start": { "line": 65, "column": 2 }, "end": { "line": 67, "column": 3 } },
          "line": 65
        },
        "13": {
          "name": "isAppError",
          "decl": { "start": { "line": 70, "column": 7 }, "end": { "line": 72, "column": 1 } },
          "loc": { "start": { "line": 70, "column": 7 }, "end": { "line": 72, "column": 1 } },
          "line": 70
        },
        "14": {
          "name": "toApiError",
          "decl": { "start": { "line": 74, "column": 7 }, "end": { "line": 90, "column": 1 } },
          "loc": { "start": { "line": 74, "column": 7 }, "end": { "line": 90, "column": 1 } },
          "line": 74
        }
      },
      "f": {
        "0": 10,
        "1": 4,
        "2": 4,
        "3": 1,
        "4": 1,
        "5": 1,
        "6": 1,
        "7": 1,
        "8": 1,
        "9": 1,
        "10": 1,
        "11": 2,
        "12": 2,
        "13": 5,
        "14": 3
      }
    },
    "C:\\Users\\danie\\OneDrive\\Desktop\\Tribus Repos\\tribus-erp\\apps\\erp-api\\src\\schemas\\finance.schemas.ts": {
      "path": "C:\\Users\\danie\\OneDrive\\Desktop\\Tribus Repos\\tribus-erp\\apps\\erp-api\\src\\schemas\\finance.schemas.ts",
      "all": false,
      "statementMap": {
        "0": { "start": { "line": 1, "column": 0 }, "end": { "line": 1, "column": 24 } },
        "2": { "start": { "line": 3, "column": 0 }, "end": { "line": 3, "column": 54 } },
        "3": { "start": { "line": 4, "column": 0 }, "end": { "line": 4, "column": 35 } },
        "4": { "start": { "line": 5, "column": 0 }, "end": { "line": 5, "column": 82 } },
        "5": { "start": { "line": 6, "column": 0 }, "end": { "line": 6, "column": 46 } },
        "6": { "start": { "line": 7, "column": 0 }, "end": { "line": 7, "column": 48 } },
        "7": { "start": { "line": 8, "column": 0 }, "end": { "line": 8, "column": 51 } },
        "8": { "start": { "line": 9, "column": 0 }, "end": { "line": 9, "column": 3 } },
        "10": { "start": { "line": 11, "column": 0 }, "end": { "line": 11, "column": 52 } },
        "11": { "start": { "line": 12, "column": 0 }, "end": { "line": 12, "column": 64 } },
        "12": { "start": { "line": 13, "column": 0 }, "end": { "line": 13, "column": 40 } },
        "13": { "start": { "line": 14, "column": 0 }, "end": { "line": 14, "column": 36 } },
        "14": { "start": { "line": 15, "column": 0 }, "end": { "line": 15, "column": 38 } },
        "15": { "start": { "line": 16, "column": 0 }, "end": { "line": 16, "column": 39 } },
        "16": { "start": { "line": 17, "column": 0 }, "end": { "line": 17, "column": 48 } },
        "17": { "start": { "line": 18, "column": 0 }, "end": { "line": 18, "column": 19 } },
        "18": { "start": { "line": 19, "column": 0 }, "end": { "line": 19, "column": 13 } },
        "19": { "start": { "line": 20, "column": 0 }, "end": { "line": 20, "column": 33 } },
        "20": { "start": { "line": 21, "column": 0 }, "end": { "line": 21, "column": 16 } },
        "21": { "start": { "line": 22, "column": 0 }, "end": { "line": 22, "column": 42 } },
        "22": { "start": { "line": 23, "column": 0 }, "end": { "line": 23, "column": 47 } },
        "23": { "start": { "line": 24, "column": 0 }, "end": { "line": 24, "column": 46 } },
        "24": { "start": { "line": 25, "column": 0 }, "end": { "line": 25, "column": 3 } },
        "26": { "start": { "line": 27, "column": 0 }, "end": { "line": 27, "column": 45 } },
        "27": { "start": { "line": 28, "column": 0 }, "end": { "line": 28, "column": 36 } },
        "28": { "start": { "line": 29, "column": 0 }, "end": { "line": 29, "column": 42 } },
        "29": { "start": { "line": 30, "column": 0 }, "end": { "line": 30, "column": 51 } },
        "30": { "start": { "line": 31, "column": 0 }, "end": { "line": 31, "column": 19 } },
        "31": { "start": { "line": 32, "column": 0 }, "end": { "line": 32, "column": 13 } },
        "32": { "start": { "line": 33, "column": 0 }, "end": { "line": 33, "column": 33 } },
        "33": { "start": { "line": 34, "column": 0 }, "end": { "line": 34, "column": 16 } },
        "34": { "start": { "line": 35, "column": 0 }, "end": { "line": 35, "column": 39 } },
        "35": { "start": { "line": 36, "column": 0 }, "end": { "line": 36, "column": 36 } },
        "36": { "start": { "line": 37, "column": 0 }, "end": { "line": 37, "column": 38 } },
        "37": { "start": { "line": 38, "column": 0 }, "end": { "line": 38, "column": 39 } },
        "38": { "start": { "line": 39, "column": 0 }, "end": { "line": 39, "column": 41 } },
        "39": { "start": { "line": 40, "column": 0 }, "end": { "line": 40, "column": 3 } },
        "41": { "start": { "line": 42, "column": 0 }, "end": { "line": 42, "column": 42 } },
        "42": { "start": { "line": 43, "column": 0 }, "end": { "line": 43, "column": 39 } },
        "43": { "start": { "line": 44, "column": 0 }, "end": { "line": 44, "column": 35 } },
        "44": { "start": { "line": 45, "column": 0 }, "end": { "line": 45, "column": 40 } },
        "45": { "start": { "line": 46, "column": 0 }, "end": { "line": 46, "column": 11 } },
        "46": { "start": { "line": 47, "column": 0 }, "end": { "line": 47, "column": 13 } },
        "47": { "start": { "line": 48, "column": 0 }, "end": { "line": 48, "column": 33 } },
        "48": { "start": { "line": 49, "column": 0 }, "end": { "line": 49, "column": 16 } },
        "49": { "start": { "line": 50, "column": 0 }, "end": { "line": 50, "column": 3 } },
        "51": { "start": { "line": 52, "column": 0 }, "end": { "line": 52, "column": 48 } },
        "52": { "start": { "line": 53, "column": 0 }, "end": { "line": 53, "column": 36 } },
        "53": { "start": { "line": 54, "column": 0 }, "end": { "line": 54, "column": 33 } },
        "54": { "start": { "line": 55, "column": 0 }, "end": { "line": 55, "column": 42 } },
        "55": { "start": { "line": 56, "column": 0 }, "end": { "line": 56, "column": 51 } },
        "56": { "start": { "line": 57, "column": 0 }, "end": { "line": 57, "column": 39 } },
        "57": { "start": { "line": 58, "column": 0 }, "end": { "line": 58, "column": 39 } },
        "58": { "start": { "line": 59, "column": 0 }, "end": { "line": 59, "column": 41 } },
        "59": { "start": { "line": 60, "column": 0 }, "end": { "line": 60, "column": 3 } },
        "61": { "start": { "line": 62, "column": 0 }, "end": { "line": 62, "column": 49 } },
        "62": { "start": { "line": 63, "column": 0 }, "end": { "line": 63, "column": 39 } },
        "63": { "start": { "line": 64, "column": 0 }, "end": { "line": 64, "column": 35 } },
        "64": { "start": { "line": 65, "column": 0 }, "end": { "line": 65, "column": 40 } },
        "65": { "start": { "line": 66, "column": 0 }, "end": { "line": 66, "column": 15 } },
        "66": { "start": { "line": 67, "column": 0 }, "end": { "line": 67, "column": 13 } },
        "67": { "start": { "line": 68, "column": 0 }, "end": { "line": 68, "column": 33 } },
        "68": { "start": { "line": 69, "column": 0 }, "end": { "line": 69, "column": 16 } },
        "69": { "start": { "line": 70, "column": 0 }, "end": { "line": 70, "column": 3 } },
        "71": { "start": { "line": 72, "column": 0 }, "end": { "line": 72, "column": 43 } },
        "72": { "start": { "line": 73, "column": 0 }, "end": { "line": 73, "column": 75 } },
        "73": { "start": { "line": 74, "column": 0 }, "end": { "line": 74, "column": 35 } },
        "74": { "start": { "line": 75, "column": 0 }, "end": { "line": 75, "column": 30 } },
        "75": { "start": { "line": 76, "column": 0 }, "end": { "line": 76, "column": 28 } },
        "76": { "start": { "line": 77, "column": 0 }, "end": { "line": 77, "column": 50 } },
        "77": { "start": { "line": 78, "column": 0 }, "end": { "line": 78, "column": 61 } },
        "78": { "start": { "line": 79, "column": 0 }, "end": { "line": 79, "column": 3 } }
      },
      "s": {
        "0": 1,
        "2": 1,
        "3": 1,
        "4": 1,
        "5": 1,
        "6": 1,
        "7": 1,
        "8": 1,
        "10": 1,
        "11": 1,
        "12": 1,
        "13": 1,
        "14": 1,
        "15": 1,
        "16": 1,
        "17": 1,
        "18": 1,
        "19": 1,
        "20": 1,
        "21": 1,
        "22": 1,
        "23": 1,
        "24": 1,
        "26": 1,
        "27": 1,
        "28": 1,
        "29": 1,
        "30": 1,
        "31": 1,
        "32": 1,
        "33": 1,
        "34": 1,
        "35": 1,
        "36": 1,
        "37": 1,
        "38": 1,
        "39": 1,
        "41": 1,
        "42": 1,
        "43": 1,
        "44": 1,
        "45": 1,
        "46": 1,
        "47": 1,
        "48": 1,
        "49": 1,
        "51": 1,
        "52": 1,
        "53": 1,
        "54": 1,
        "55": 1,
        "56": 1,
        "57": 1,
        "58": 1,
        "59": 1,
        "61": 1,
        "62": 1,
        "63": 1,
        "64": 1,
        "65": 1,
        "66": 1,
        "67": 1,
        "68": 1,
        "69": 1,
        "71": 1,
        "72": 1,
        "73": 1,
        "74": 1,
        "75": 1,
        "76": 1,
        "77": 1,
        "78": 1
      },
      "branchMap": {},
      "b": {},
      "fnMap": {},
      "f": {}
    },
    "C:\\Users\\danie\\OneDrive\\Desktop\\Tribus Repos\\tribus-erp\\apps\\erp-api\\src\\schemas\\product.schemas.ts": {
      "path": "C:\\Users\\danie\\OneDrive\\Desktop\\Tribus Repos\\tribus-erp\\apps\\erp-api\\src\\schemas\\product.schemas.ts",
      "all": false,
      "statementMap": {
        "0": { "start": { "line": 1, "column": 0 }, "end": { "line": 1, "column": 24 } },
        "2": { "start": { "line": 3, "column": 0 }, "end": { "line": 3, "column": 45 } },
        "3": { "start": { "line": 4, "column": 0 }, "end": { "line": 4, "column": 34 } },
        "4": { "start": { "line": 5, "column": 0 }, "end": { "line": 5, "column": 35 } },
        "5": { "start": { "line": 6, "column": 0 }, "end": { "line": 6, "column": 47 } },
        "6": { "start": { "line": 7, "column": 0 }, "end": { "line": 7, "column": 51 } },
        "7": { "start": { "line": 8, "column": 0 }, "end": { "line": 8, "column": 96 } },
        "8": { "start": { "line": 9, "column": 0 }, "end": { "line": 9, "column": 36 } },
        "9": { "start": { "line": 10, "column": 0 }, "end": { "line": 10, "column": 38 } },
        "10": { "start": { "line": 11, "column": 0 }, "end": { "line": 11, "column": 40 } },
        "11": { "start": { "line": 12, "column": 0 }, "end": { "line": 12, "column": 79 } },
        "12": { "start": { "line": 13, "column": 0 }, "end": { "line": 13, "column": 50 } },
        "13": { "start": { "line": 14, "column": 0 }, "end": { "line": 14, "column": 41 } },
        "14": { "start": { "line": 15, "column": 0 }, "end": { "line": 15, "column": 37 } },
        "15": { "start": { "line": 16, "column": 0 }, "end": { "line": 16, "column": 38 } },
        "16": { "start": { "line": 17, "column": 0 }, "end": { "line": 17, "column": 45 } },
        "17": { "start": { "line": 18, "column": 0 }, "end": { "line": 18, "column": 41 } },
        "18": { "start": { "line": 19, "column": 0 }, "end": { "line": 19, "column": 53 } },
        "19": { "start": { "line": 20, "column": 0 }, "end": { "line": 20, "column": 53 } },
        "20": { "start": { "line": 21, "column": 0 }, "end": { "line": 21, "column": 58 } },
        "21": { "start": { "line": 22, "column": 0 }, "end": { "line": 22, "column": 47 } },
        "22": { "start": { "line": 23, "column": 0 }, "end": { "line": 23, "column": 47 } },
        "23": { "start": { "line": 24, "column": 0 }, "end": { "line": 24, "column": 50 } },
        "24": { "start": { "line": 25, "column": 0 }, "end": { "line": 25, "column": 3 } },
        "26": { "start": { "line": 27, "column": 0 }, "end": { "line": 27, "column": 65 } },
        "28": { "start": { "line": 29, "column": 0 }, "end": { "line": 29, "column": 45 } },
        "29": { "start": { "line": 30, "column": 0 }, "end": { "line": 30, "column": 31 } },
        "30": { "start": { "line": 31, "column": 0 }, "end": { "line": 31, "column": 34 } },
        "31": { "start": { "line": 32, "column": 0 }, "end": { "line": 32, "column": 35 } },
        "32": { "start": { "line": 33, "column": 0 }, "end": { "line": 33, "column": 47 } },
        "33": { "start": { "line": 34, "column": 0 }, "end": { "line": 34, "column": 42 } },
        "34": { "start": { "line": 35, "column": 0 }, "end": { "line": 35, "column": 53 } },
        "35": { "start": { "line": 36, "column": 0 }, "end": { "line": 36, "column": 41 } },
        "36": { "start": { "line": 37, "column": 0 }, "end": { "line": 37, "column": 59 } },
        "37": { "start": { "line": 38, "column": 0 }, "end": { "line": 38, "column": 3 } },
        "39": { "start": { "line": 40, "column": 0 }, "end": { "line": 40, "column": 46 } },
        "40": { "start": { "line": 41, "column": 0 }, "end": { "line": 41, "column": 35 } },
        "41": { "start": { "line": 42, "column": 0 }, "end": { "line": 42, "column": 35 } },
        "42": { "start": { "line": 43, "column": 0 }, "end": { "line": 43, "column": 34 } },
        "43": { "start": { "line": 44, "column": 0 }, "end": { "line": 44, "column": 46 } },
        "44": { "start": { "line": 45, "column": 0 }, "end": { "line": 45, "column": 3 } },
        "46": { "start": { "line": 47, "column": 0 }, "end": { "line": 47, "column": 48 } },
        "47": { "start": { "line": 48, "column": 0 }, "end": { "line": 48, "column": 35 } },
        "48": { "start": { "line": 49, "column": 0 }, "end": { "line": 49, "column": 35 } },
        "49": { "start": { "line": 50, "column": 0 }, "end": { "line": 50, "column": 46 } },
        "50": { "start": { "line": 51, "column": 0 }, "end": { "line": 51, "column": 40 } },
        "51": { "start": { "line": 52, "column": 0 }, "end": { "line": 52, "column": 40 } },
        "52": { "start": { "line": 53, "column": 0 }, "end": { "line": 53, "column": 3 } },
        "54": { "start": { "line": 55, "column": 0 }, "end": { "line": 55, "column": 44 } },
        "55": { "start": { "line": 56, "column": 0 }, "end": { "line": 56, "column": 36 } },
        "56": { "start": { "line": 57, "column": 0 }, "end": { "line": 57, "column": 73 } },
        "57": { "start": { "line": 58, "column": 0 }, "end": { "line": 58, "column": 36 } },
        "58": { "start": { "line": 59, "column": 0 }, "end": { "line": 59, "column": 31 } },
        "59": { "start": { "line": 60, "column": 0 }, "end": { "line": 60, "column": 50 } },
        "60": { "start": { "line": 61, "column": 0 }, "end": { "line": 61, "column": 61 } },
        "61": { "start": { "line": 62, "column": 0 }, "end": { "line": 62, "column": 3 } }
      },
      "s": {
        "0": 1,
        "2": 1,
        "3": 1,
        "4": 1,
        "5": 1,
        "6": 1,
        "7": 1,
        "8": 1,
        "9": 1,
        "10": 1,
        "11": 1,
        "12": 1,
        "13": 1,
        "14": 1,
        "15": 1,
        "16": 1,
        "17": 1,
        "18": 1,
        "19": 1,
        "20": 1,
        "21": 1,
        "22": 1,
        "23": 1,
        "24": 1,
        "26": 1,
        "28": 1,
        "29": 1,
        "30": 1,
        "31": 1,
        "32": 1,
        "33": 1,
        "34": 1,
        "35": 1,
        "36": 1,
        "37": 1,
        "39": 1,
        "40": 1,
        "41": 1,
        "42": 1,
        "43": 1,
        "44": 1,
        "46": 1,
        "47": 1,
        "48": 1,
        "49": 1,
        "50": 1,
        "51": 1,
        "52": 1,
        "54": 1,
        "55": 1,
        "56": 1,
        "57": 1,
        "58": 1,
        "59": 1,
        "60": 1,
        "61": 1
      },
      "branchMap": {},
      "b": {},
      "fnMap": {},
      "f": {}
    },
    "C:\\Users\\danie\\OneDrive\\Desktop\\Tribus Repos\\tribus-erp\\apps\\erp-api\\src\\utils\\id.ts": {
      "path": "C:\\Users\\danie\\OneDrive\\Desktop\\Tribus Repos\\tribus-erp\\apps\\erp-api\\src\\utils\\id.ts",
      "all": false,
      "statementMap": {
        "0": { "start": { "line": 1, "column": 0 }, "end": { "line": 1, "column": 38 } },
        "1": { "start": { "line": 2, "column": 0 }, "end": { "line": 2, "column": 59 } },
        "2": { "start": { "line": 3, "column": 0 }, "end": { "line": 3, "column": 26 } },
        "3": { "start": { "line": 4, "column": 0 }, "end": { "line": 4, "column": 48 } },
        "4": { "start": { "line": 5, "column": 0 }, "end": { "line": 5, "column": 14 } },
        "5": { "start": { "line": 6, "column": 0 }, "end": { "line": 6, "column": 1 } }
      },
      "s": { "0": 1, "1": 101, "2": 101, "3": 101, "4": 101, "5": 101 },
      "branchMap": {
        "0": {
          "type": "branch",
          "line": 1,
          "loc": { "start": { "line": 1, "column": 7 }, "end": { "line": 6, "column": 1 } },
          "locations": [{ "start": { "line": 1, "column": 7 }, "end": { "line": 6, "column": 1 } }]
        },
        "1": {
          "type": "branch",
          "line": 4,
          "loc": { "start": { "line": 4, "column": 9 }, "end": { "line": 4, "column": 47 } },
          "locations": [{ "start": { "line": 4, "column": 9 }, "end": { "line": 4, "column": 47 } }]
        }
      },
      "b": { "0": [101], "1": [1616] },
      "fnMap": {
        "0": {
          "name": "generateId",
          "decl": { "start": { "line": 1, "column": 7 }, "end": { "line": 6, "column": 1 } },
          "loc": { "start": { "line": 1, "column": 7 }, "end": { "line": 6, "column": 1 } },
          "line": 1
        }
      },
      "f": { "0": 101 }
    },
    "C:\\Users\\danie\\OneDrive\\Desktop\\Tribus Repos\\tribus-erp\\apps\\erp-api\\src\\types\\env.ts": {
      "path": "C:\\Users\\danie\\OneDrive\\Desktop\\Tribus Repos\\tribus-erp\\apps\\erp-api\\src\\types\\env.ts",
      "all": true,
      "statementMap": {
        "0": { "start": { "line": 1, "column": 0 }, "end": { "line": 1, "column": 22 } },
        "1": { "start": { "line": 2, "column": 0 }, "end": { "line": 2, "column": 22 } },
        "2": { "start": { "line": 3, "column": 0 }, "end": { "line": 3, "column": 23 } },
        "3": { "start": { "line": 4, "column": 0 }, "end": { "line": 4, "column": 26 } },
        "4": { "start": { "line": 5, "column": 0 }, "end": { "line": 5, "column": 28 } },
        "5": { "start": { "line": 6, "column": 0 }, "end": { "line": 6, "column": 30 } },
        "6": { "start": { "line": 7, "column": 0 }, "end": { "line": 7, "column": 25 } },
        "7": { "start": { "line": 8, "column": 0 }, "end": { "line": 8, "column": 27 } },
        "8": { "start": { "line": 9, "column": 0 }, "end": { "line": 9, "column": 34 } },
        "9": { "start": { "line": 10, "column": 0 }, "end": { "line": 10, "column": 28 } },
        "10": { "start": { "line": 11, "column": 0 }, "end": { "line": 11, "column": 26 } },
        "11": { "start": { "line": 12, "column": 0 }, "end": { "line": 12, "column": 1 } }
      },
      "s": {
        "0": 0,
        "1": 0,
        "2": 0,
        "3": 0,
        "4": 0,
        "5": 0,
        "6": 0,
        "7": 0,
        "8": 0,
        "9": 0,
        "10": 0,
        "11": 0
      },
      "branchMap": {
        "0": {
          "type": "branch",
          "line": 1,
          "loc": { "start": { "line": 1, "column": 0 }, "end": { "line": 12, "column": 1 } },
          "locations": [{ "start": { "line": 1, "column": 0 }, "end": { "line": 12, "column": 1 } }]
        }
      },
      "b": { "0": [0] },
      "fnMap": {
        "0": {
          "name": "(empty-report)",
          "decl": { "start": { "line": 1, "column": 0 }, "end": { "line": 12, "column": 1 } },
          "loc": { "start": { "line": 1, "column": 0 }, "end": { "line": 12, "column": 1 } },
          "line": 1
        }
      },
      "f": { "0": 0 }
    },
    "C:\\Users\\danie\\OneDrive\\Desktop\\Tribus Repos\\tribus-erp\\apps\\erp-api\\src\\schemas\\fiscal.schemas.ts": {
      "path": "C:\\Users\\danie\\OneDrive\\Desktop\\Tribus Repos\\tribus-erp\\apps\\erp-api\\src\\schemas\\fiscal.schemas.ts",
      "all": true,
      "statementMap": {
        "0": { "start": { "line": 1, "column": 0 }, "end": { "line": 1, "column": 24 } },
        "1": { "start": { "line": 2, "column": 0 }, "end": { "line": 2, "column": 0 } },
        "2": { "start": { "line": 3, "column": 0 }, "end": { "line": 3, "column": 41 } },
        "3": { "start": { "line": 4, "column": 0 }, "end": { "line": 4, "column": 32 } },
        "4": { "start": { "line": 5, "column": 0 }, "end": { "line": 5, "column": 36 } },
        "5": { "start": { "line": 6, "column": 0 }, "end": { "line": 6, "column": 3 } },
        "6": { "start": { "line": 7, "column": 0 }, "end": { "line": 7, "column": 0 } },
        "7": { "start": { "line": 8, "column": 0 }, "end": { "line": 8, "column": 52 } },
        "8": { "start": { "line": 9, "column": 0 }, "end": { "line": 9, "column": 56 } },
        "9": { "start": { "line": 10, "column": 0 }, "end": { "line": 10, "column": 43 } },
        "10": { "start": { "line": 11, "column": 0 }, "end": { "line": 11, "column": 40 } },
        "11": { "start": { "line": 12, "column": 0 }, "end": { "line": 12, "column": 39 } },
        "12": { "start": { "line": 13, "column": 0 }, "end": { "line": 13, "column": 53 } },
        "13": { "start": { "line": 14, "column": 0 }, "end": { "line": 14, "column": 40 } },
        "14": { "start": { "line": 15, "column": 0 }, "end": { "line": 15, "column": 42 } },
        "15": { "start": { "line": 16, "column": 0 }, "end": { "line": 16, "column": 44 } },
        "16": { "start": { "line": 17, "column": 0 }, "end": { "line": 17, "column": 42 } },
        "17": { "start": { "line": 18, "column": 0 }, "end": { "line": 18, "column": 3 } },
        "18": { "start": { "line": 19, "column": 0 }, "end": { "line": 19, "column": 0 } },
        "19": { "start": { "line": 20, "column": 0 }, "end": { "line": 20, "column": 51 } },
        "20": { "start": { "line": 21, "column": 0 }, "end": { "line": 21, "column": 67 } },
        "21": { "start": { "line": 22, "column": 0 }, "end": { "line": 22, "column": 50 } },
        "22": { "start": { "line": 23, "column": 0 }, "end": { "line": 23, "column": 61 } },
        "23": { "start": { "line": 24, "column": 0 }, "end": { "line": 24, "column": 3 } },
        "24": { "start": { "line": 25, "column": 0 }, "end": { "line": 25, "column": 0 } },
        "25": { "start": { "line": 26, "column": 0 }, "end": { "line": 26, "column": 61 } },
        "26": { "start": { "line": 27, "column": 0 }, "end": { "line": 27, "column": 83 } }
      },
      "s": {
        "0": 0,
        "1": 0,
        "2": 0,
        "3": 0,
        "4": 0,
        "5": 0,
        "6": 0,
        "7": 0,
        "8": 0,
        "9": 0,
        "10": 0,
        "11": 0,
        "12": 0,
        "13": 0,
        "14": 0,
        "15": 0,
        "16": 0,
        "17": 0,
        "18": 0,
        "19": 0,
        "20": 0,
        "21": 0,
        "22": 0,
        "23": 0,
        "24": 0,
        "25": 0,
        "26": 0
      },
      "branchMap": {
        "0": {
          "type": "branch",
          "line": 1,
          "loc": { "start": { "line": 1, "column": 0 }, "end": { "line": 27, "column": 83 } },
          "locations": [
            { "start": { "line": 1, "column": 0 }, "end": { "line": 27, "column": 83 } }
          ]
        }
      },
      "b": { "0": [0] },
      "fnMap": {
        "0": {
          "name": "(empty-report)",
          "decl": { "start": { "line": 1, "column": 0 }, "end": { "line": 27, "column": 83 } },
          "loc": { "start": { "line": 1, "column": 0 }, "end": { "line": 27, "column": 83 } },
          "line": 1
        }
      },
      "f": { "0": 0 }
    },
    "C:\\Users\\danie\\OneDrive\\Desktop\\Tribus Repos\\tribus-erp\\apps\\erp-api\\src\\schemas\\purchase.schemas.ts": {
      "path": "C:\\Users\\danie\\OneDrive\\Desktop\\Tribus Repos\\tribus-erp\\apps\\erp-api\\src\\schemas\\purchase.schemas.ts",
      "all": true,
      "statementMap": {
        "0": { "start": { "line": 1, "column": 0 }, "end": { "line": 1, "column": 24 } },
        "1": { "start": { "line": 2, "column": 0 }, "end": { "line": 2, "column": 0 } },
        "2": { "start": { "line": 3, "column": 0 }, "end": { "line": 3, "column": 49 } },
        "3": { "start": { "line": 4, "column": 0 }, "end": { "line": 4, "column": 35 } },
        "4": { "start": { "line": 5, "column": 0 }, "end": { "line": 5, "column": 33 } },
        "5": { "start": { "line": 6, "column": 0 }, "end": { "line": 6, "column": 34 } },
        "6": { "start": { "line": 7, "column": 0 }, "end": { "line": 7, "column": 49 } },
        "7": { "start": { "line": 8, "column": 0 }, "end": { "line": 8, "column": 3 } },
        "8": { "start": { "line": 9, "column": 0 }, "end": { "line": 9, "column": 0 } },
        "9": { "start": { "line": 10, "column": 0 }, "end": { "line": 10, "column": 51 } },
        "10": { "start": { "line": 11, "column": 0 }, "end": { "line": 11, "column": 36 } },
        "11": { "start": { "line": 12, "column": 0 }, "end": { "line": 12, "column": 53 } },
        "12": { "start": { "line": 13, "column": 0 }, "end": { "line": 13, "column": 17 } },
        "13": { "start": { "line": 14, "column": 0 }, "end": { "line": 14, "column": 13 } },
        "14": { "start": { "line": 15, "column": 0 }, "end": { "line": 15, "column": 33 } },
        "15": { "start": { "line": 16, "column": 0 }, "end": { "line": 16, "column": 16 } },
        "16": { "start": { "line": 17, "column": 0 }, "end": { "line": 17, "column": 64 } },
        "17": { "start": { "line": 18, "column": 0 }, "end": { "line": 18, "column": 65 } },
        "18": { "start": { "line": 19, "column": 0 }, "end": { "line": 19, "column": 60 } },
        "19": { "start": { "line": 20, "column": 0 }, "end": { "line": 20, "column": 31 } },
        "20": { "start": { "line": 21, "column": 0 }, "end": { "line": 21, "column": 49 } },
        "21": { "start": { "line": 22, "column": 0 }, "end": { "line": 22, "column": 3 } },
        "22": { "start": { "line": 23, "column": 0 }, "end": { "line": 23, "column": 0 } },
        "23": { "start": { "line": 24, "column": 0 }, "end": { "line": 24, "column": 52 } },
        "24": { "start": { "line": 25, "column": 0 }, "end": { "line": 25, "column": 86 } },
        "25": { "start": { "line": 26, "column": 0 }, "end": { "line": 26, "column": 3 } },
        "26": { "start": { "line": 27, "column": 0 }, "end": { "line": 27, "column": 0 } },
        "27": { "start": { "line": 28, "column": 0 }, "end": { "line": 28, "column": 51 } },
        "28": { "start": { "line": 29, "column": 0 }, "end": { "line": 29, "column": 34 } },
        "29": { "start": { "line": 30, "column": 0 }, "end": { "line": 30, "column": 42 } },
        "30": { "start": { "line": 31, "column": 0 }, "end": { "line": 31, "column": 3 } },
        "31": { "start": { "line": 32, "column": 0 }, "end": { "line": 32, "column": 0 } },
        "32": { "start": { "line": 33, "column": 0 }, "end": { "line": 33, "column": 52 } },
        "33": { "start": { "line": 34, "column": 0 }, "end": { "line": 34, "column": 51 } },
        "34": { "start": { "line": 35, "column": 0 }, "end": { "line": 35, "column": 25 } },
        "35": { "start": { "line": 36, "column": 0 }, "end": { "line": 36, "column": 31 } },
        "36": { "start": { "line": 37, "column": 0 }, "end": { "line": 37, "column": 3 } },
        "37": { "start": { "line": 38, "column": 0 }, "end": { "line": 38, "column": 0 } },
        "38": { "start": { "line": 39, "column": 0 }, "end": { "line": 39, "column": 50 } },
        "39": { "start": { "line": 40, "column": 0 }, "end": { "line": 40, "column": 32 } },
        "40": { "start": { "line": 41, "column": 0 }, "end": { "line": 41, "column": 36 } },
        "41": { "start": { "line": 42, "column": 0 }, "end": { "line": 42, "column": 65 } },
        "42": { "start": { "line": 43, "column": 0 }, "end": { "line": 43, "column": 59 } },
        "43": { "start": { "line": 44, "column": 0 }, "end": { "line": 44, "column": 3 } },
        "44": { "start": { "line": 45, "column": 0 }, "end": { "line": 45, "column": 0 } },
        "45": { "start": { "line": 46, "column": 0 }, "end": { "line": 46, "column": 81 } },
        "46": { "start": { "line": 47, "column": 0 }, "end": { "line": 47, "column": 83 } },
        "47": { "start": { "line": 48, "column": 0 }, "end": { "line": 48, "column": 83 } },
        "48": { "start": { "line": 49, "column": 0 }, "end": { "line": 49, "column": 80 } }
      },
      "s": {
        "0": 0,
        "1": 0,
        "2": 0,
        "3": 0,
        "4": 0,
        "5": 0,
        "6": 0,
        "7": 0,
        "8": 0,
        "9": 0,
        "10": 0,
        "11": 0,
        "12": 0,
        "13": 0,
        "14": 0,
        "15": 0,
        "16": 0,
        "17": 0,
        "18": 0,
        "19": 0,
        "20": 0,
        "21": 0,
        "22": 0,
        "23": 0,
        "24": 0,
        "25": 0,
        "26": 0,
        "27": 0,
        "28": 0,
        "29": 0,
        "30": 0,
        "31": 0,
        "32": 0,
        "33": 0,
        "34": 0,
        "35": 0,
        "36": 0,
        "37": 0,
        "38": 0,
        "39": 0,
        "40": 0,
        "41": 0,
        "42": 0,
        "43": 0,
        "44": 0,
        "45": 0,
        "46": 0,
        "47": 0,
        "48": 0
      },
      "branchMap": {
        "0": {
          "type": "branch",
          "line": 1,
          "loc": { "start": { "line": 1, "column": 0 }, "end": { "line": 49, "column": 80 } },
          "locations": [
            { "start": { "line": 1, "column": 0 }, "end": { "line": 49, "column": 80 } }
          ]
        }
      },
      "b": { "0": [0] },
      "fnMap": {
        "0": {
          "name": "(empty-report)",
          "decl": { "start": { "line": 1, "column": 0 }, "end": { "line": 49, "column": 80 } },
          "loc": { "start": { "line": 1, "column": 0 }, "end": { "line": 49, "column": 80 } },
          "line": 1
        }
      },
      "f": { "0": 0 }
    },
    "C:\\Users\\danie\\OneDrive\\Desktop\\Tribus Repos\\tribus-erp\\apps\\erp-api\\src\\schemas\\production.schemas.ts": {
      "path": "C:\\Users\\danie\\OneDrive\\Desktop\\Tribus Repos\\tribus-erp\\apps\\erp-api\\src\\schemas\\production.schemas.ts",
      "all": true,
      "statementMap": {
        "0": { "start": { "line": 1, "column": 0 }, "end": { "line": 1, "column": 24 } },
        "1": { "start": { "line": 2, "column": 0 }, "end": { "line": 2, "column": 0 } },
        "2": { "start": { "line": 3, "column": 0 }, "end": { "line": 3, "column": 45 } },
        "3": { "start": { "line": 4, "column": 0 }, "end": { "line": 4, "column": 40 } },
        "4": { "start": { "line": 5, "column": 0 }, "end": { "line": 5, "column": 34 } },
        "5": { "start": { "line": 6, "column": 0 }, "end": { "line": 6, "column": 33 } },
        "6": { "start": { "line": 7, "column": 0 }, "end": { "line": 7, "column": 52 } },
        "7": { "start": { "line": 8, "column": 0 }, "end": { "line": 8, "column": 31 } },
        "8": { "start": { "line": 9, "column": 0 }, "end": { "line": 9, "column": 3 } },
        "9": { "start": { "line": 10, "column": 0 }, "end": { "line": 10, "column": 0 } },
        "10": { "start": { "line": 11, "column": 0 }, "end": { "line": 11, "column": 41 } },
        "11": { "start": { "line": 12, "column": 0 }, "end": { "line": 12, "column": 31 } },
        "12": { "start": { "line": 13, "column": 0 }, "end": { "line": 13, "column": 37 } },
        "13": { "start": { "line": 14, "column": 0 }, "end": { "line": 14, "column": 31 } },
        "14": { "start": { "line": 15, "column": 0 }, "end": { "line": 15, "column": 45 } },
        "15": { "start": { "line": 16, "column": 0 }, "end": { "line": 16, "column": 3 } },
        "16": { "start": { "line": 17, "column": 0 }, "end": { "line": 17, "column": 0 } },
        "17": { "start": { "line": 18, "column": 0 }, "end": { "line": 18, "column": 53 } },
        "18": { "start": { "line": 19, "column": 0 }, "end": { "line": 19, "column": 31 } },
        "19": { "start": { "line": 20, "column": 0 }, "end": { "line": 20, "column": 31 } },
        "20": { "start": { "line": 21, "column": 0 }, "end": { "line": 21, "column": 47 } },
        "21": { "start": { "line": 22, "column": 0 }, "end": { "line": 22, "column": 31 } },
        "22": { "start": { "line": 23, "column": 0 }, "end": { "line": 23, "column": 3 } },
[...]
        "81": { "start": { "line": 82, "column": 0 }, "end": { "line": 82, "column": 18 } },
        "82": { "start": { "line": 83, "column": 0 }, "end": { "line": 83, "column": 16 } },
        "83": { "start": { "line": 84, "column": 0 }, "end": { "line": 84, "column": 18 } },
        "84": { "start": { "line": 85, "column": 0 }, "end": { "line": 85, "column": 18 } },
        "85": { "start": { "line": 86, "column": 0 }, "end": { "line": 86, "column": 17 } },
        "86": { "start": { "line": 87, "column": 0 }, "end": { "line": 87, "column": 6 } },
        "87": { "start": { "line": 88, "column": 0 }, "end": { "line": 88, "column": 32 } },
        "88": { "start": { "line": 89, "column": 0 }, "end": { "line": 89, "column": 3 } },
        "89": { "start": { "line": 90, "column": 0 }, "end": { "line": 90, "column": 0 } },
        "90": { "start": { "line": 91, "column": 0 }, "end": { "line": 91, "column": 42 } },
        "91": { "start": { "line": 92, "column": 0 }, "end": { "line": 92, "column": 11 } },
        "92": { "start": { "line": 93, "column": 0 }, "end": { "line": 93, "column": 11 } },
        "93": { "start": { "line": 94, "column": 0 }, "end": { "line": 94, "column": 14 } },
        "94": { "start": { "line": 95, "column": 0 }, "end": { "line": 95, "column": 24 } },
        "95": { "start": { "line": 96, "column": 0 }, "end": { "line": 96, "column": 13 } },
        "96": { "start": { "line": 97, "column": 0 }, "end": { "line": 97, "column": 18 } },
        "97": { "start": { "line": 98, "column": 0 }, "end": { "line": 98, "column": 16 } },
        "98": { "start": { "line": 99, "column": 0 }, "end": { "line": 99, "column": 18 } },
        "99": { "start": { "line": 100, "column": 0 }, "end": { "line": 100, "column": 18 } },
        "100": { "start": { "line": 101, "column": 0 }, "end": { "line": 101, "column": 17 } },
        "101": { "start": { "line": 102, "column": 0 }, "end": { "line": 102, "column": 6 } },
        "102": { "start": { "line": 103, "column": 0 }, "end": { "line": 103, "column": 16 } },
        "103": { "start": { "line": 104, "column": 0 }, "end": { "line": 104, "column": 85 } },
        "104": { "start": { "line": 105, "column": 0 }, "end": { "line": 105, "column": 36 } },
        "105": { "start": { "line": 106, "column": 0 }, "end": { "line": 106, "column": 50 } },
        "106": { "start": { "line": 107, "column": 0 }, "end": { "line": 107, "column": 61 } },
        "107": { "start": { "line": 108, "column": 0 }, "end": { "line": 108, "column": 3 } },
        "108": { "start": { "line": 109, "column": 0 }, "end": { "line": 109, "column": 0 } },
        "109": { "start": { "line": 110, "column": 0 }, "end": { "line": 110, "column": 65 } },
        "110": { "start": { "line": 111, "column": 0 }, "end": { "line": 111, "column": 65 } },
        "111": { "start": { "line": 112, "column": 0 }, "end": { "line": 112, "column": 63 } }
      },
      "s": {
        "0": 0,
        "1": 0,
        "2": 0,
        "3": 0,
        "4": 0,
        "5": 0,
        "6": 0,
        "7": 0,
        "8": 0,
        "9": 0,
        "10": 0,
        "11": 0,
        "12": 0,
        "13": 0,
        "14": 0,
        "15": 0,
        "16": 0,
        "17": 0,
        "18": 0,
        "19": 0,
        "20": 0,
        "21": 0,
        "22": 0,
        "23": 0,
        "24": 0,
        "25": 0,
        "26": 0,
        "27": 0,
        "28": 0,
        "29": 0,
        "30": 0,
        "31": 0,
        "32": 0,
        "33": 0,
        "34": 0,
        "35": 0,
        "36": 0,
        "37": 0,
        "38": 0,
        "39": 0,
        "40": 0,
        "41": 0,
        "42": 0,
        "43": 0,
        "44": 0,
        "45": 0,
        "46": 0,
        "47": 0,
        "48": 0,
        "49": 0,
        "50": 0,
        "51": 0,
        "52": 0,
        "53": 0,
        "54": 0,
        "55": 0,
        "56": 0,
        "57": 0,
        "58": 0,
        "59": 0,
        "60": 0,
        "61": 0,
        "62": 0,
        "63": 0,
        "64": 0,
        "65": 0,
        "66": 0,
        "67": 0,
        "68": 0,
        "69": 0,
        "70": 0,
        "71": 0,
        "72": 0,
        "73": 0,
        "74": 0,
        "75": 0,
        "76": 0,
        "77": 0,
        "78": 0,
        "79": 0,
        "80": 0,
        "81": 0,
        "82": 0,
        "83": 0,
        "84": 0,
        "85": 0,
        "86": 0,
        "87": 0,
        "88": 0,
        "89": 0,
        "90": 0,
        "91": 0,
        "92": 0,
        "93": 0,
        "94": 0,
        "95": 0,
        "96": 0,
        "97": 0,
        "98": 0,
        "99": 0,
        "100": 0,
        "101": 0,
        "102": 0,
        "103": 0,
        "104": 0,
        "105": 0,
        "106": 0,
        "107": 0,
        "108": 0,
        "109": 0,
        "110": 0,
        "111": 0
      },
      "branchMap": {
        "0": {
          "type": "branch",
          "line": 1,
          "loc": { "start": { "line": 1, "column": 0 }, "end": { "line": 112, "column": 63 } },
          "locations": [
            { "start": { "line": 1, "column": 0 }, "end": { "line": 112, "column": 63 } }
          ]
        }
      },
      "b": { "0": [0] },
      "fnMap": {
        "0": {
          "name": "(empty-report)",
          "decl": { "start": { "line": 1, "column": 0 }, "end": { "line": 112, "column": 63 } },
          "loc": { "start": { "line": 1, "column": 0 }, "end": { "line": 112, "column": 63 } },
          "line": 1
        }
      },
      "f": { "0": 0 }
    },
    "C:\\Users\\danie\\OneDrive\\Desktop\\Tribus Repos\\tribus-erp\\apps\\erp-api\\src\\schemas\\pos.schemas.ts": {
      "path": "C:\\Users\\danie\\OneDrive\\Desktop\\Tribus Repos\\tribus-erp\\apps\\erp-api\\src\\schemas\\pos.schemas.ts",
      "all": true,
      "statementMap": {
        "0": { "start": { "line": 1, "column": 0 }, "end": { "line": 1, "column": 24 } },
        "1": { "start": { "line": 2, "column": 0 }, "end": { "line": 2, "column": 0 } },
        "2": { "start": { "line": 3, "column": 0 }, "end": { "line": 3, "column": 50 } },
        "3": { "start": { "line": 4, "column": 0 }, "end": { "line": 4, "column": 35 } },
        "4": { "start": { "line": 5, "column": 0 }, "end": { "line": 5, "column": 43 } },
        "5": { "start": { "line": 6, "column": 0 }, "end": { "line": 6, "column": 3 } },
        "6": { "start": { "line": 7, "column": 0 }, "end": { "line": 7, "column": 0 } },
        "7": { "start": { "line": 8, "column": 0 }, "end": { "line": 8, "column": 47 } },
        "8": { "start": { "line": 9, "column": 0 }, "end": { "line": 9, "column": 36 } },
        "9": { "start": { "line": 10, "column": 0 }, "end": { "line": 10, "column": 30 } },
        "10": { "start": { "line": 11, "column": 0 }, "end": { "line": 11, "column": 57 } },
        "11": { "start": { "line": 12, "column": 0 }, "end": { "line": 12, "column": 40 } },
        "12": { "start": { "line": 13, "column": 0 }, "end": { "line": 13, "column": 3 } },
        "13": { "start": { "line": 14, "column": 0 }, "end": { "line": 14, "column": 0 } },
        "14": { "start": { "line": 15, "column": 0 }, "end": { "line": 15, "column": 48 } },
        "15": { "start": { "line": 16, "column": 0 }, "end": { "line": 16, "column": 30 } },
        "16": { "start": { "line": 17, "column": 0 }, "end": { "line": 17, "column": 46 } },
        "17": { "start": { "line": 18, "column": 0 }, "end": { "line": 18, "column": 40 } },
        "18": { "start": { "line": 19, "column": 0 }, "end": { "line": 19, "column": 3 } },
        "19": { "start": { "line": 20, "column": 0 }, "end": { "line": 20, "column": 0 } },
        "20": { "start": { "line": 21, "column": 0 }, "end": { "line": 21, "column": 36 } },
        "21": { "start": { "line": 22, "column": 0 }, "end": { "line": 22, "column": 35 } },
        "22": { "start": { "line": 23, "column": 0 }, "end": { "line": 23, "column": 35 } },
        "23": { "start": { "line": 24, "column": 0 }, "end": { "line": 24, "column": 25 } },
        "24": { "start": { "line": 25, "column": 0 }, "end": { "line": 25, "column": 26 } },
        "25": { "start": { "line": 26, "column": 0 }, "end": { "line": 26, "column": 36 } },
        "26": { "start": { "line": 27, "column": 0 }, "end": { "line": 27, "column": 42 } },
        "27": { "start": { "line": 28, "column": 0 }, "end": { "line": 28, "column": 52 } },
        "28": { "start": { "line": 29, "column": 0 }, "end": { "line": 29, "column": 3 } },
        "29": { "start": { "line": 30, "column": 0 }, "end": { "line": 30, "column": 0 } },
        "30": { "start": { "line": 31, "column": 0 }, "end": { "line": 31, "column": 35 } },
        "31": { "start": { "line": 32, "column": 0 }, "end": { "line": 32, "column": 18 } },
        "32": { "start": { "line": 33, "column": 0 }, "end": { "line": 33, "column": 11 } },
        "33": { "start": { "line": 34, "column": 0 }, "end": { "line": 34, "column": 18 } },
        "34": { "start": { "line": 35, "column": 0 }, "end": { "line": 35, "column": 17 } },
        "35": { "start": { "line": 36, "column": 0 }, "end": { "line": 36, "column": 10 } },
        "36": { "start": { "line": 37, "column": 0 }, "end": { "line": 37, "column": 20 } },
        "37": { "start": { "line": 38, "column": 0 }, "end": { "line": 38, "column": 18 } },
        "38": { "start": { "line": 39, "column": 0 }, "end": { "line": 39, "column": 12 } },
        "39": { "start": { "line": 40, "column": 0 }, "end": { "line": 40, "column": 5 } },
        "40": { "start": { "line": 41, "column": 0 }, "end": { "line": 41, "column": 39 } },
        "41": { "start": { "line": 42, "column": 0 }, "end": { "line": 42, "column": 3 } },
        "42": { "start": { "line": 43, "column": 0 }, "end": { "line": 43, "column": 0 } },
        "43": { "start": { "line": 44, "column": 0 }, "end": { "line": 44, "column": 45 } },
        "44": { "start": { "line": 45, "column": 0 }, "end": { "line": 45, "column": 35 } },
        "45": { "start": { "line": 46, "column": 0 }, "end": { "line": 46, "column": 36 } },
        "46": { "start": { "line": 47, "column": 0 }, "end": { "line": 47, "column": 43 } },
        "47": { "start": { "line": 48, "column": 0 }, "end": { "line": 48, "column": 45 } },
        "48": { "start": { "line": 49, "column": 0 }, "end": { "line": 49, "column": 52 } },
        "49": { "start": { "line": 50, "column": 0 }, "end": { "line": 50, "column": 40 } },
        "50": { "start": { "line": 51, "column": 0 }, "end": { "line": 51, "column": 3 } },
        "51": { "start": { "line": 52, "column": 0 }, "end": { "line": 52, "column": 0 } },
        "52": { "start": { "line": 53, "column": 0 }, "end": { "line": 53, "column": 47 } },
        "53": { "start": { "line": 54, "column": 0 }, "end": { "line": 54, "column": 35 } },
        "54": { "start": { "line": 55, "column": 0 }, "end": { "line": 55, "column": 54 } },
        "55": { "start": { "line": 56, "column": 0 }, "end": { "line": 56, "column": 25 } },
        "56": { "start": { "line": 57, "column": 0 }, "end": { "line": 57, "column": 11 } },
        "57": { "start": { "line": 58, "column": 0 }, "end": { "line": 58, "column": 18 } },
        "58": { "start": { "line": 59, "column": 0 }, "end": { "line": 59, "column": 17 } },
        "59": { "start": { "line": 60, "column": 0 }, "end": { "line": 60, "column": 10 } },
        "60": { "start": { "line": 61, "column": 0 }, "end": { "line": 61, "column": 20 } },
        "61": { "start": { "line": 62, "column": 0 }, "end": { "line": 62, "column": 18 } },
        "62": { "start": { "line": 63, "column": 0 }, "end": { "line": 63, "column": 12 } },
        "63": { "start": { "line": 64, "column": 0 }, "end": { "line": 64, "column": 5 } },
        "64": { "start": { "line": 65, "column": 0 }, "end": { "line": 65, "column": 39 } },
        "65": { "start": { "line": 66, "column": 0 }, "end": { "line": 66, "column": 40 } },
        "66": { "start": { "line": 67, "column": 0 }, "end": { "line": 67, "column": 3 } },
        "67": { "start": { "line": 68, "column": 0 }, "end": { "line": 68, "column": 0 } },
        "68": { "start": { "line": 69, "column": 0 }, "end": { "line": 69, "column": 79 } },
        "69": { "start": { "line": 70, "column": 0 }, "end": { "line": 70, "column": 73 } },
        "70": { "start": { "line": 71, "column": 0 }, "end": { "line": 71, "column": 75 } },
        "71": { "start": { "line": 72, "column": 0 }, "end": { "line": 72, "column": 69 } },
        "72": { "start": { "line": 73, "column": 0 }, "end": { "line": 73, "column": 73 } }
      },
      "s": {
        "0": 0,
        "1": 0,
        "2": 0,
        "3": 0,
        "4": 0,
        "5": 0,
        "6": 0,
        "7": 0,
        "8": 0,
        "9": 0,
        "10": 0,
        "11": 0,
        "12": 0,
        "13": 0,
        "14": 0,
        "15": 0,
        "16": 0,
        "17": 0,
        "18": 0,
        "19": 0,
        "20": 0,
        "21": 0,
        "22": 0,
        "23": 0,
        "24": 0,
        "25": 0,
        "26": 0,
        "27": 0,
        "28": 0,
        "29": 0,
        "30": 0,
        "31": 0,
        "32": 0,
        "33": 0,
        "34": 0,
        "35": 0,
        "36": 0,
        "37": 0,
        "38": 0,
        "39": 0,
        "40": 0,
        "41": 0,
        "42": 0,
        "43": 0,
        "44": 0,
        "45": 0,
        "46": 0,
        "47": 0,
        "48": 0,
        "49": 0,
        "50": 0,
        "51": 0,
        "52": 0,
        "53": 0,
        "54": 0,
        "55": 0,
        "56": 0,
        "57": 0,
        "58": 0,
        "59": 0,
        "60": 0,
        "61": 0,
        "62": 0,
        "63": 0,
        "64": 0,
        "65": 0,
        "66": 0,
        "67": 0,
        "68": 0,
        "69": 0,
        "70": 0,
        "71": 0,
        "72": 0
      },
      "branchMap": {
        "0": {
          "type": "branch",
          "line": 1,
          "loc": { "start": { "line": 1, "column": 0 }, "end": { "line": 73, "column": 73 } },
          "locations": [
            { "start": { "line": 1, "column": 0 }, "end": { "line": 73, "column": 73 } }
          ]
        }
      },
      "b": { "0": [0] },
      "fnMap": {
        "0": {
          "name": "(empty-report)",
          "decl": { "start": { "line": 1, "column": 0 }, "end": { "line": 73, "column": 73 } },
          "loc": { "start": { "line": 1, "column": 0 }, "end": { "line": 73, "column": 73 } },
          "line": 1
        }
      },
      "f": { "0": 0 }
    },
    "C:\\Users\\danie\\OneDrive\\Desktop\\Tribus Repos\\tribus-erp\\apps\\erp-api\\src\\schemas\\party.schemas.ts": {
      "path": "C:\\Users\\danie\\OneDrive\\Desktop\\Tribus Repos\\tribus-erp\\apps\\erp-api\\src\\schemas\\party.schemas.ts",
      "all": true,
      "statementMap": {
        "0": { "start": { "line": 1, "column": 0 }, "end": { "line": 1, "column": 24 } },
        "1": { "start": { "line": 2, "column": 0 }, "end": { "line": 2, "column": 0 } },
        "2": { "start": { "line": 3, "column": 0 }, "end": { "line": 3, "column": 43 } },
        "3": { "start": { "line": 4, "column": 0 }, "end": { "line": 4, "column": 42 } },
        "4": { "start": { "line": 5, "column": 0 }, "end": { "line": 5, "column": 40 } },
        "5": { "start": { "line": 6, "column": 0 }, "end": { "line": 6, "column": 44 } },
        "6": { "start": { "line": 7, "column": 0 }, "end": { "line": 7, "column": 81 } },
        "7": { "start": { "line": 8, "column": 0 }, "end": { "line": 8, "column": 48 } },
        "8": { "start": { "line": 9, "column": 0 }, "end": { "line": 9, "column": 48 } },
        "9": { "start": { "line": 10, "column": 0 }, "end": { "line": 10, "column": 39 } },
        "10": { "start": { "line": 11, "column": 0 }, "end": { "line": 11, "column": 41 } },
        "11": { "start": { "line": 12, "column": 0 }, "end": { "line": 12, "column": 48 } },
        "12": { "start": { "line": 13, "column": 0 }, "end": { "line": 13, "column": 3 } },
        "13": { "start": { "line": 14, "column": 0 }, "end": { "line": 14, "column": 0 } },
        "14": { "start": { "line": 15, "column": 0 }, "end": { "line": 15, "column": 61 } },
        "15": { "start": { "line": 16, "column": 0 }, "end": { "line": 16, "column": 0 } },
        "16": { "start": { "line": 17, "column": 0 }, "end": { "line": 17, "column": 45 } },
        "17": { "start": { "line": 18, "column": 0 }, "end": { "line": 18, "column": 29 } },
        "18": { "start": { "line": 19, "column": 0 }, "end": { "line": 19, "column": 49 } },
        "19": { "start": { "line": 20, "column": 0 }, "end": { "line": 20, "column": 37 } },
        "20": { "start": { "line": 21, "column": 0 }, "end": { "line": 21, "column": 40 } },
        "21": { "start": { "line": 22, "column": 0 }, "end": { "line": 22, "column": 45 } },
        "22": { "start": { "line": 23, "column": 0 }, "end": { "line": 23, "column": 47 } },
        "23": { "start": { "line": 24, "column": 0 }, "end": { "line": 24, "column": 35 } },
        "24": { "start": { "line": 25, "column": 0 }, "end": { "line": 25, "column": 30 } },
        "25": { "start": { "line": 26, "column": 0 }, "end": { "line": 26, "column": 39 } },
        "26": { "start": { "line": 27, "column": 0 }, "end": { "line": 27, "column": 46 } },
        "27": { "start": { "line": 28, "column": 0 }, "end": { "line": 28, "column": 40 } },
        "28": { "start": { "line": 29, "column": 0 }, "end": { "line": 29, "column": 3 } },
        "29": { "start": { "line": 30, "column": 0 }, "end": { "line": 30, "column": 0 } },
        "30": { "start": { "line": 31, "column": 0 }, "end": { "line": 31, "column": 43 } },
        "31": { "start": { "line": 32, "column": 0 }, "end": { "line": 32, "column": 36 } },
        "32": { "start": { "line": 33, "column": 0 }, "end": { "line": 33, "column": 53 } },
        "33": { "start": { "line": 34, "column": 0 }, "end": { "line": 34, "column": 50 } },
        "34": { "start": { "line": 35, "column": 0 }, "end": { "line": 35, "column": 61 } },
        "35": { "start": { "line": 36, "column": 0 }, "end": { "line": 36, "column": 3 } },
        "36": { "start": { "line": 37, "column": 0 }, "end": { "line": 37, "column": 0 } },
        "37": { "start": { "line": 38, "column": 0 }, "end": { "line": 38, "column": 65 } },
        "38": { "start": { "line": 39, "column": 0 }, "end": { "line": 39, "column": 65 } },
        "39": { "start": { "line": 40, "column": 0 }, "end": { "line": 40, "column": 69 } },
        "40": { "start": { "line": 41, "column": 0 }, "end": { "line": 41, "column": 65 } }
      },
      "s": {
        "0": 0,
        "1": 0,
        "2": 0,
        "3": 0,
        "4": 0,
        "5": 0,
        "6": 0,
        "7": 0,
        "8": 0,
        "9": 0,
        "10": 0,
        "11": 0,
        "12": 0,
        "13": 0,
        "14": 0,
        "15": 0,
        "16": 0,
        "17": 0,
        "18": 0,
        "19": 0,
        "20": 0,
        "21": 0,
        "22": 0,
        "23": 0,
        "24": 0,
        "25": 0,
        "26": 0,
        "27": 0,
        "28": 0,
        "29": 0,
        "30": 0,
        "31": 0,
        "32": 0,
        "33": 0,
        "34": 0,
        "35": 0,
        "36": 0,
        "37": 0,
        "38": 0,
        "39": 0,
        "40": 0
      },
      "branchMap": {
        "0": {
          "type": "branch",
          "line": 1,
          "loc": { "start": { "line": 1, "column": 0 }, "end": { "line": 41, "column": 65 } },
          "locations": [
            { "start": { "line": 1, "column": 0 }, "end": { "line": 41, "column": 65 } }
          ]
        }
      },
      "b": { "0": [0] },
      "fnMap": {
        "0": {
          "name": "(empty-report)",
          "decl": { "start": { "line": 1, "column": 0 }, "end": { "line": 41, "column": 65 } },
          "loc": { "start": { "line": 1, "column": 0 }, "end": { "line": 41, "column": 65 } },
          "line": 1
        }
      },
      "f": { "0": 0 }
    }
  }
}
